<?xml version="1.0" encoding="utf-8"?><testsuites><testsuite name="pytest" errors="0" failures="0" skipped="0" tests="4" time="0.092" timestamp="2022-03-11T22:32:48.315082" hostname="c02yd1s4jg5m"><testcase classname="test_app.Tests" name="test_200" time="0.011" /><testcase classname="test_app.Tests" name="test_404" time="0.002" /><testcase classname="test_cyclones.CyclonesTests" name="test_guid" time="0.002" /><testcase classname="test_cyclones.CyclonesTests" name="test_json" time="0.002" /></testsuite></testsuites>