TN:
SF:app.py
DA:2,1,1+9wdnNK6ERHmSA06tdyPQ
DA:5,1,OaTlemF3bXMi5MP7Db8vkQ
DA:6,1,1u/EpMWNVD7Mo56gViH8PQ
DA:8,1,yI7Q9xuZr4sDk+gtQPnhKw
DA:11,1,Ght4hA1M8f7bi3SYuIpiyQ
DA:12,1,TIS36+CeY8d7/pJ6ns/nrA
DA:15,1,rNpJG92yfqQVCZxzKLLfWg
DA:16,1,KTwDcnlrCB09+48Xug/H8w
DA:22,1,FvNh3YkZ/amHGy3XA2XsuA
DA:25,1,0f1vabGHOu+wOfwOHsIWng
DA:26,1,TFfUIeTv3QeZrVh13VJmLw
DA:32,1,RD/p/hVCophbJFg/Lsc9vg
DA:33,1,4UbOMuVVQVTu4yt2NZ4wfg
DA:34,1,K/RQ7vfb3ACnECqG2AuG0A
DA:35,1,N0fTVpgvHTcvqoin16eJow
DA:39,1,e0SWp8SoCUPa2CPZ+2J4bw
DA:40,1,Qfw7mXbM4h8l0/8E2BuzDQ
DA:46,1,n9R9cW/X1n0z7MUXAL879A
DA:49,1,PCd+tTkojc+/9k3Gg2wfWw
DA:36,0,UntDfNWeIJlMcYl/4Lg0pA
DA:50,0,3Wt2DEdJqB2XHXm2IJ/qVQ
LF:21
LH:19
end_of_record
TN:
SF:test_app.py
DA:1,1,IY2jvGcbrz6CKwAt+hHRsg
DA:2,1,E/tvV9JPVDhEcTCkgrwOFw
DA:3,1,DTHGhnNvLaBj2oWsvsVqUQ
DA:6,1,TXdKn7d1I7CDZh4oMhbiFA
DA:7,1,n5VmZS5wIGDe4pdGK92I6g
DA:8,1,WbzkXkBmpeE5Z8gSlIfuvA
DA:10,1,5jTgLi3lpdMCbDTjd3iJWg
DA:12,1,NsVNAwdnhV8wJeIYgW1VFg
DA:14,1,kQgPjp9tUldlEZ3HKlBraQ
DA:15,1,o+UYHHFBXVOORlBjExvW5Q
DA:17,1,sAnrjOodeJBQMxVsPxdhIA
DA:19,1,Xjbzb5d0mKwrHfXUKaTJmQ
DA:20,1,oz6U8p4lyA7FpCevp2hpkw
DA:23,1,xQVNdxAJxuGw1z9RcZmDQw
DA:24,0,APy8sv1vBVX6MHZCmVJsgw
LF:13
LH:14
end_of_record
TN:
SF:test_cyclones.py
DA:1,1,IY2jvGcbrz6CKwAt+hHRsg
DA:2,1,E/tvV9JPVDhEcTCkgrwOFw
DA:3,1,DTHGhnNvLaBj2oWsvsVqUQ
DA:6,1,KI5CiZJWzRTD+rIXbG2i/w
DA:7,1,UPMh5nCBDf8PZFDTt2J8tw
DA:8,1,WbzkXkBmpeE5Z8gSlIfuvA
DA:10,1,5jTgLi3lpdMCbDTjd3iJWg
DA:12,1,t81+XgRzuum963mZrtP/EA
DA:14,1,2fUSv9niwxpZpiSA4OoNXw
DA:15,1,o+UYHHFBXVOORlBjExvW5Q
DA:17,1,G3gg2EmIEztw155mqZSHRQ
DA:19,1,2fUSv9niwxpZpiSA4OoNXw
DA:20,1,odTaPj3AfQabIptI24ntYQ
DA:23,1,xQVNdxAJxuGw1z9RcZmDQw
DA:24,0,APy8sv1vBVX6MHZCmVJsgw
LF:13
LH:14
end_of_record
